Crashlog created at 2012-12-17 13:00:43 -0500

=== MESSAGE:

LoadError: no such file to load -- fssm
Try installing the 'fssm' gem (`gem install fssm`) and then re-running the command.

=== COMPILATION STACK:

  (empty)

=== BACKTRACE:

  0. /Users/mreider/.rvm/gems/ruby-1.9.2-p290@docs/gems/nanoc-3.4.1/lib/nanoc/cli/commands/watch.rb:14:in `require'
  1. /Users/mreider/.rvm/gems/ruby-1.9.2-p290@docs/gems/nanoc-3.4.1/lib/nanoc/cli/commands/watch.rb:14:in `run'
  2. /Users/mreider/.rvm/gems/ruby-1.9.2-p290@docs/gems/nanoc-3.4.1/lib/nanoc/cli/command_runner.rb:14:in `block in call'
  3. /Users/mreider/.rvm/gems/ruby-1.9.2-p290@docs/gems/nanoc-3.4.1/lib/nanoc/cli/error_handler.rb:63:in `handle_while'
  4. /Users/mreider/.rvm/gems/ruby-1.9.2-p290@docs/gems/nanoc-3.4.1/lib/nanoc/cli/error_handler.rb:26:in `handle_while'
  5. /Users/mreider/.rvm/gems/ruby-1.9.2-p290@docs/gems/nanoc-3.4.1/lib/nanoc/cli/command_runner.rb:13:in `call'
  6. /Users/mreider/.rvm/gems/ruby-1.9.2-p290@docs/gems/cri-2.3.0/lib/cri/command_dsl.rb:185:in `block in runner'
  7. /Users/mreider/.rvm/gems/ruby-1.9.2-p290@docs/gems/cri-2.3.0/lib/cri/command.rb:296:in `call'
  8. /Users/mreider/.rvm/gems/ruby-1.9.2-p290@docs/gems/cri-2.3.0/lib/cri/command.rb:296:in `run_this'
  9. /Users/mreider/.rvm/gems/ruby-1.9.2-p290@docs/gems/cri-2.3.0/lib/cri/command.rb:249:in `run'
  10. /Users/mreider/.rvm/gems/ruby-1.9.2-p290@docs/gems/cri-2.3.0/lib/cri/command.rb:262:in `run'
  11. /Users/mreider/.rvm/gems/ruby-1.9.2-p290@docs/gems/nanoc-3.4.1/lib/nanoc/cli.rb:53:in `block in run'
  12. /Users/mreider/.rvm/gems/ruby-1.9.2-p290@docs/gems/nanoc-3.4.1/lib/nanoc/cli/error_handler.rb:63:in `handle_while'
  13. /Users/mreider/.rvm/gems/ruby-1.9.2-p290@docs/gems/nanoc-3.4.1/lib/nanoc/cli/error_handler.rb:26:in `handle_while'
  14. /Users/mreider/.rvm/gems/ruby-1.9.2-p290@docs/gems/nanoc-3.4.1/lib/nanoc/cli.rb:50:in `run'
  15. /Users/mreider/.rvm/gems/ruby-1.9.2-p290@docs/gems/nanoc-3.4.1/bin/nanoc:19:in `<top (required)>'
  16. /Users/mreider/.rvm/gems/ruby-1.9.2-p290@docs/bin/nanoc:19:in `load'
  17. /Users/mreider/.rvm/gems/ruby-1.9.2-p290@docs/bin/nanoc:19:in `<main>'
  18. /Users/mreider/.rvm/gems/ruby-1.9.2-p290@docs/bin/ruby_noexec_wrapper:14:in `eval'
  19. /Users/mreider/.rvm/gems/ruby-1.9.2-p290@docs/bin/ruby_noexec_wrapper:14:in `<main>'

=== VERSION INFORMATION:

nanoc 3.4.1 © 2007-2012 Denis Defreyne.
Running ruby 1.9.2 (2011-07-09) on x86_64-darwin11.4.2 with RubyGems 1.8.24.

=== SYSTEM INFORMATION:

Darwin MATTHEWs-MacBook-Pro.local 11.4.2 Darwin Kernel Version 11.4.2: Thu Aug 23 16:25:48 PDT 2012; root:xnu-1699.32.7~1/RELEASE_X86_64 x86_64

=== INSTALLED GEMS:

  addressable 2.2.8
  adsf 1.1.1
  bundler 1.2.3
  cfoundry 0.3.40
  clouseau 0.0.1
  colored 1.2
  cri 2.3.0
  haml 3.1.7
  interact 0.4.8
  json_pure 1.6.7
  kramdown 0.13.8
  manifests-vmc-plugin 0.4.8
  mime-types 1.19
  mothership 0.1.5
  multi_json 1.3.6
  nanoc 3.4.1
  nokogiri 1.4.7
  pygmentize 0.0.3
  rack 1.4.1
  rake 0.9.2.2
  rb-readline 0.4.2
  rest-client 1.6.7
  rubyzip 0.9.9
  systemu 2.5.2
  terminal-table 1.4.5
  tunnel-dummy-vmc-plugin 0.0.1
  uuidtools 2.1.3
  vmc 0.4.0.beta.63
  yajl-ruby 0.8.3

=== ENVIRONMENT:

Apple_PubSub_Socket_Render => "/tmp/launch-9Gujms/Render"
Apple_Ubiquity_Message => "/tmp/launch-RzRHT8/Apple_Ubiquity_Message"
BUNDLE_BIN_PATH => "/Users/mreider/.rvm/gems/ruby-1.9.2-p290@global/gems/bundler-1.2.3/bin/bundle"
BUNDLE_GEMFILE => "/Users/mreider/playpen/cf-docs/Gemfile"
CLICOLOR => "1"
COMMAND_MODE => "unix2003"
DISPLAY => "/tmp/launch-CMFY8c/org.x:0"
GEM_HOME => "/Users/mreider/.rvm/gems/ruby-1.9.2-p290@docs"
GEM_PATH => "/Users/mreider/.rvm/gems/ruby-1.9.2-p290@docs:/Users/mreider/.rvm/gems/ruby-1.9.2-p290@global"
HOME => "/Users/mreider"
IRBRC => "/Users/mreider/.rvm/rubies/ruby-1.9.2-p290/.irbrc"
LANG => "en_US.UTF-8"
LOGNAME => "mreider"
LSCOLORS => "gxBxhxDxfxhxhxhxhxcxcx"
MY_RUBY_HOME => "/Users/mreider/.rvm/rubies/ruby-1.9.2-p290"
OLDPWD => "/Users/mreider/playpen"
PATH => "/Users/mreider/.rvm/gems/ruby-1.9.2-p290@docs/bin:/Users/mreider/.rvm/gems/ruby-1.9.2-p290@global/bin:/Users/mreider/.rvm/rubies/ruby-1.9.2-p290/bin:/Users/mreider/.rvm/bin:/usr/bin:/bin:/usr/sbin:/sbin:/usr/local/bin:/usr/X11/bin:/usr/local/git/bin:/usr/local/go/bin:/usr/texbin"
PWD => "/Users/mreider/playpen/cf-docs"
RUBYOPT => "-I/Users/mreider/.rvm/gems/ruby-1.9.2-p290@global/gems/bundler-1.2.3/lib -rbundler/setup"
RUBY_VERSION => "ruby-1.9.2-p290"
SHELL => "/bin/bash"
SHLVL => "2"
SSH_AUTH_SOCK => "/tmp/launch-Fqbvsl/Listeners"
TERM => "xterm-256color"
TERM_PROGRAM => "Apple_Terminal"
TERM_PROGRAM_VERSION => "303.2"
TERM_SESSION_ID => "B3F953C0-EFCE-48B3-A6BE-DA1F485D7916"
TMPDIR => "/var/folders/2c/whfs4m614q93h1pkx7pb717m0000gn/T/"
USER => "mreider"
_ => "/Users/mreider/.rvm/gems/ruby-1.9.2-p290@docs/bin/nanoc"
_ORIGINAL_GEM_PATH => "/Users/mreider/.rvm/gems/ruby-1.9.2-p290@docs:/Users/mreider/.rvm/gems/ruby-1.9.2-p290@global"
__CF_USER_TEXT_ENCODING => "0x1F5:0:0"
__array_start => "0"
_first => "0"
_second => "1"
escape_flag => "1"
rvm_bin_path => "/Users/mreider/.rvm/bin"
rvm_delete_flag => "0"
rvm_path => "/Users/mreider/.rvm"
rvm_prefix => "/Users/mreider"
rvm_ruby_string => "ruby-1.9.2-p290"
rvm_sticky_flag => "1"
rvm_use_flag => "1"
rvm_version => "1.17.2 (stable)"

=== GEMFILE.LOCK:

GEM
  remote: http://rubygems.org/
  specs:
    addressable (2.2.8)
    adsf (1.1.1)
      rack (>= 1.0.0)
    cfoundry (0.3.40)
      multi_json (~> 1.3.6)
      rest-client (~> 1.6.1)
      rubyzip (~> 0.9.9)
    clouseau (0.0.1)
      rubyzip (~> 0.9.9)
    colored (1.2)
    cri (2.3.0)
      colored (>= 1.2)
    haml (3.1.7)
    interact (0.4.8)
    json_pure (1.6.7)
    kramdown (0.13.8)
    manifests-vmc-plugin (0.4.8)
      cfoundry (~> 0.3.9)
    mime-types (1.19)
    mothership (0.1.5)
    multi_json (1.3.6)
    nanoc (3.4.1)
      cri (~> 2.2)
    nokogiri (1.4.7)
    pygmentize (0.0.3)
    rack (1.4.1)
    rake (0.9.2.2)
    rb-readline (0.4.2)
    rest-client (1.6.7)
      mime-types (>= 1.16)
    rubyzip (0.9.9)
    systemu (2.5.2)
    terminal-table (1.4.5)
    tunnel-dummy-vmc-plugin (0.0.1)
      cfoundry (~> 0.3.14)
    uuidtools (2.1.3)
    vmc (0.4.0.beta.63)
      addressable (~> 2.2.6)
      cfoundry (~> 0.3.27)
      cfoundry (~> 0.3.40)
      clouseau (~> 0.0.1)
      interact (~> 0.4.0)
      interact (~> 0.4.8)
      json_pure (>= 1.5.1, < 1.7.0)
      json_pure (~> 1.6.5)
      manifests-vmc-plugin (~> 0.4.8)
      mothership (~> 0.1.5)
      multi_json (~> 1.3.6)
      rb-readline (~> 0.4.2)
      rest-client (>= 1.6.1, < 1.7.0)
      rubyzip (~> 0.9.4)
      terminal-table (~> 1.4.2)
      tunnel-dummy-vmc-plugin (~> 0.0.1)
      uuidtools (~> 2.1.0)
    yajl-ruby (0.8.3)

PLATFORMS
  ruby

DEPENDENCIES
  adsf
  haml
  kramdown (~> 0.13.2)
  mime-types (~> 1.16)
  nanoc
  nokogiri (~> 1.4.4)
  pygmentize (~> 0.0.3)
  rake (~> 0.9.2)
  rubyzip
  systemu
  vmc (>= 0.3.16.beta.3)
  yajl-ruby (~> 0.8.2)

=== $LOAD_PATH:

  0. /Users/mreider/.rvm/gems/ruby-1.9.2-p290@docs/gems/nanoc-3.4.1/lib
  1. /Users/mreider/.rvm/gems/ruby-1.9.2-p290@docs/gems/yajl-ruby-0.8.3/lib
  2. /Users/mreider/.rvm/gems/ruby-1.9.2-p290@docs/gems/yajl-ruby-0.8.3/ext
  3. /Users/mreider/.rvm/gems/ruby-1.9.2-p290@docs/gems/vmc-0.4.0.beta.63/vmc-ng/lib
  4. /Users/mreider/.rvm/gems/ruby-1.9.2-p290@docs/gems/uuidtools-2.1.3/lib
  5. /Users/mreider/.rvm/gems/ruby-1.9.2-p290@docs/gems/tunnel-dummy-vmc-plugin-0.0.1/lib
  6. /Users/mreider/.rvm/gems/ruby-1.9.2-p290@docs/gems/terminal-table-1.4.5/lib
  7. /Users/mreider/.rvm/gems/ruby-1.9.2-p290@docs/gems/systemu-2.5.2/lib
  8. /Users/mreider/.rvm/gems/ruby-1.9.2-p290@docs/gems/rb-readline-0.4.2/lib
  9. /Users/mreider/.rvm/gems/ruby-1.9.2-p290@docs/gems/pygmentize-0.0.3/lib
  10. /Users/mreider/.rvm/gems/ruby-1.9.2-p290@docs/gems/nokogiri-1.4.7/lib
  11. /Users/mreider/.rvm/gems/ruby-1.9.2-p290@docs/gems/nanoc-3.4.1/lib
  12. /Users/mreider/.rvm/gems/ruby-1.9.2-p290@docs/gems/mothership-0.1.5/lib
  13. /Users/mreider/.rvm/gems/ruby-1.9.2-p290@docs/gems/manifests-vmc-plugin-0.4.8/lib
  14. /Users/mreider/.rvm/gems/ruby-1.9.2-p290@docs/gems/kramdown-0.13.8/lib
  15. /Users/mreider/.rvm/gems/ruby-1.9.2-p290@docs/gems/json_pure-1.6.7/lib
  16. /Users/mreider/.rvm/gems/ruby-1.9.2-p290@docs/gems/interact-0.4.8/lib
  17. /Users/mreider/.rvm/gems/ruby-1.9.2-p290@docs/gems/haml-3.1.7/lib
  18. /Users/mreider/.rvm/gems/ruby-1.9.2-p290@docs/gems/cri-2.3.0/lib
  19. /Users/mreider/.rvm/gems/ruby-1.9.2-p290@docs/gems/colored-1.2/lib
  20. /Users/mreider/.rvm/gems/ruby-1.9.2-p290@docs/gems/clouseau-0.0.1/lib
  21. /Users/mreider/.rvm/gems/ruby-1.9.2-p290@docs/gems/cfoundry-0.3.40/lib
  22. /Users/mreider/.rvm/gems/ruby-1.9.2-p290@docs/gems/rubyzip-0.9.9/lib
  23. /Users/mreider/.rvm/gems/ruby-1.9.2-p290@docs/gems/rest-client-1.6.7/lib
  24. /Users/mreider/.rvm/gems/ruby-1.9.2-p290@docs/gems/mime-types-1.19/lib
  25. /Users/mreider/.rvm/gems/ruby-1.9.2-p290@docs/gems/multi_json-1.3.6/lib
  26. /Users/mreider/.rvm/gems/ruby-1.9.2-p290@docs/gems/adsf-1.1.1/lib
  27. /Users/mreider/.rvm/gems/ruby-1.9.2-p290@docs/gems/rack-1.4.1/lib
  28. /Users/mreider/.rvm/gems/ruby-1.9.2-p290@docs/gems/addressable-2.2.8/lib
  29. /Users/mreider/.rvm/gems/ruby-1.9.2-p290@docs/gems/rake-0.9.2.2/lib
  30. /Users/mreider/.rvm/gems/ruby-1.9.2-p290@global/gems/bundler-1.2.3/lib
  31. /Users/mreider/.rvm/rubies/ruby-1.9.2-p290/lib/ruby/site_ruby/1.9.1
  32. /Users/mreider/.rvm/rubies/ruby-1.9.2-p290/lib/ruby/site_ruby/1.9.1/x86_64-darwin11.4.2
  33. /Users/mreider/.rvm/rubies/ruby-1.9.2-p290/lib/ruby/site_ruby
  34. /Users/mreider/.rvm/rubies/ruby-1.9.2-p290/lib/ruby/vendor_ruby/1.9.1
  35. /Users/mreider/.rvm/rubies/ruby-1.9.2-p290/lib/ruby/vendor_ruby/1.9.1/x86_64-darwin11.4.2
  36. /Users/mreider/.rvm/rubies/ruby-1.9.2-p290/lib/ruby/vendor_ruby
  37. /Users/mreider/.rvm/rubies/ruby-1.9.2-p290/lib/ruby/1.9.1
  38. /Users/mreider/.rvm/rubies/ruby-1.9.2-p290/lib/ruby/1.9.1/x86_64-darwin11.4.2
